  Game.cpp
C:\Program Files\Microsoft Visual Studio\2022\Community\VC\Tools\MSVC\14.39.33519\include\xutility(241,76): warning C4244: 'argument': conversion from 'int' to 'float', possible loss of data
  (compiling source file 'Game/Private/Game.cpp')
  C:\Program Files\Microsoft Visual Studio\2022\Community\VC\Tools\MSVC\14.39.33519\include\xutility(241,76):
  the template instantiation context (the oldest one first) is
  	C:\Users\Public\Repos\Term3\C++\Engine\TTGCP_FuFu_Engine\Game\Private\Game.cpp(57,20):
  	see reference to function template instantiation 'std::shared_ptr<BoxRenderComponent> Actor::AddComponentOfType<BoxRenderComponent,exColor,int,int>(exColor,int,int)' being compiled
  	C:\Users\Public\Repos\Term3\C++\Engine\TTGCP_FuFu_Engine\Game\Private\Actors\Actor.h(22,54):
  	see reference to function template instantiation 'std::shared_ptr<BoxRenderComponent> std::make_shared<BoxRenderComponent,std::shared_ptr<Actor>,exColor&,int&,int&>(std::shared_ptr<Actor> &&,exColor &,int &,int &)' being compiled
  	C:\Program Files\Microsoft Visual Studio\2022\Community\VC\Tools\MSVC\14.39.33519\include\memory(2738,46):
  	see reference to function template instantiation 'std::_Ref_count_obj2<BoxRenderComponent>::_Ref_count_obj2<_Ty,exColor&,int&,int&>(_Ty &&,exColor &,int &,int &)' being compiled
          with
          [
              _Ty=std::shared_ptr<Actor>
          ]
  	C:\Program Files\Microsoft Visual Studio\2022\Community\VC\Tools\MSVC\14.39.33519\include\memory(2062,18):
  	see reference to function template instantiation 'void std::_Construct_in_place<_Ty,std::shared_ptr<Actor>,exColor&,int&,int&>(_Ty &,std::shared_ptr<Actor> &&,exColor &,int &,int &) noexcept(false)' being compiled
          with
          [
              _Ty=BoxRenderComponent
          ]
  	C:\Program Files\Microsoft Visual Studio\2022\Community\VC\Tools\MSVC\14.39.33519\include\xutility(251,14):
  	see reference to function template instantiation '_Ty *std::construct_at<_Ty,std::shared_ptr<Actor>,exColor&,int&,int&,0x0>(_Ty *const ,std::shared_ptr<Actor> &&,exColor &,int &,int &) noexcept(<expr>)' being compiled
          with
          [
              _Ty=BoxRenderComponent
          ]
  
C:\Program Files\Microsoft Visual Studio\2022\Community\VC\Tools\MSVC\14.39.33519\include\xutility(255,82): warning C4244: 'argument': conversion from 'int' to 'float', possible loss of data
  (compiling source file 'Game/Private/Game.cpp')
  
C:\Program Files\Microsoft Visual Studio\2022\Community\VC\Tools\MSVC\14.39.33519\include\xutility(242,90): warning C4244: 'argument': conversion from 'int' to 'float', possible loss of data
  (compiling source file 'Game/Private/Game.cpp')
  C:\Program Files\Microsoft Visual Studio\2022\Community\VC\Tools\MSVC\14.39.33519\include\xutility(242,90):
  the template instantiation context (the oldest one first) is
  	C:\Program Files\Microsoft Visual Studio\2022\Community\VC\Tools\MSVC\14.39.33519\include\memory(2062,18):
  	see reference to function template instantiation 'void std::_Construct_in_place<_Ty,std::shared_ptr<Actor>,exColor&,int&,int&>(_Ty &,std::shared_ptr<Actor> &&,exColor &,int &,int &) noexcept(false)' being compiled
          with
          [
              _Ty=BoxRenderComponent
          ]
  	C:\Program Files\Microsoft Visual Studio\2022\Community\VC\Tools\MSVC\14.39.33519\include\xutility(251,14):
  	see reference to function template instantiation '_Ty *std::construct_at<_Ty,std::shared_ptr<Actor>,exColor&,int&,int&,0x0>(_Ty *const ,std::shared_ptr<Actor> &&,exColor &,int &,int &) noexcept(false)' being compiled
          with
          [
              _Ty=BoxRenderComponent
          ]
  
  GameEngineX.vcxproj -> C:\Users\Public\Repos\Term3\C++\Engine\TTGCP_FuFu_Engine\Build\GameEngineXd.exe
